
WEC-Sim Input From Standard wecSimInputFile.m Of Case Directory... 
WEC-Sim: An open-source code for simulating wave energy converters
Version: 6.1

Initializing the Simulation Class...
	Case Dir: C:\Users\cmmcguir\OneDrive - North Carolina State University\iSSRL\Research\variable-stiffness-WEC\wecSim_projects\ONR\p3_500mm 

	 location undefined, set halfway between follower.location and base.location 
Elapsed time is 0.051521 seconds.

WEC-Sim Pre-processing ...   
Elapsed time is 0.064992 seconds.

WEC-Sim Simulation Settings:
	Start Time                     (sec) = 0
	End Time                       (sec) = 90
	Time Step Size                 (sec) = 0.01
	Ramp Function Time             (sec) = 15
	 Number of Time Steps     = 9000 

Wave Environment: 
	Wave Type                            = Regular Waves (Constant Hydrodynamic Coefficients)
	Wave Height, height (m)                   = 2.25
	Wave Period, period (sec)                 = 6

List of Body: Number of Bodies = 1 

	***** Body Number 1, Name: body1 *****
	Body CG                          (m) = [-0,0,-0.381]
	Body Mass                       (kg) = 75 
	Body Moments of Inertia       (kgm2) = [3.495,3.495,2.925]
	Body Products of Inertia      (kgm2) = [0,0,0]

List of PTO(s): Number of PTOs = 1 

	***** PTO Name: PTO1 *****
	PTO Stiffness           (N/m;Nm/rad) = 0
	PTO Damping           (Ns/m;Nsm/rad) = 0

List of Constraint(s): Number of Constraints = 2 

	***** Constraint Name: Constraint1 *****

	***** Constraint Name: Constraint2 *****


Simulating the WEC device defined in the SimMechanics model C:\Users\cmmcguir\OneDrive - North Carolina State University\iSSRL\Research\variable-stiffness-WEC\wecSim_projects\ONR\p3_500mm\plunger3_500mm.slx...   
Elapsed time is 0.007520 seconds.
Elapsed time is 9.173458 seconds.

Post-processing and saving...   
Elapsed time is 0.031569 seconds.
