
WEC-Sim Input From Standard wecSimInputFile.m Of Case Directory... 
WEC-Sim: An open-source code for simulating wave energy converters
Version: 6.1

Initializing the Simulation Class...
	Case Dir: C:\Users\cmmcguir\OneDrive - North Carolina State University\iSSRL\Research\variable-stiffness-WEC\wecSim_projects\ONR\p3_1m 

	 location undefined, set halfway between follower.location and base.location 
Elapsed time is 0.141999 seconds.

WEC-Sim Pre-processing ...   
Elapsed time is 0.161798 seconds.

WEC-Sim Simulation Settings:
	Start Time                     (sec) = 0
	End Time                       (sec) = 300
	Time Step Size                 (sec) = 0.03
	Ramp Function Time             (sec) = 15
	Convolution Integral Interval  (sec) = 4
	 Number of Time Steps     = 10000 

Wave Environment: 
	Wave Type                            = Regular Waves (Convolution Integral Calculation)
	Wave Height, height (m)                   = 1
	Wave Period, period (sec)                 = 8

List of Body: Number of Bodies = 1 

	***** Body Number 1, Name: body1 *****
	Body CG                          (m) = [-0,-0,-0.59]
	Body Mass                       (kg) = 300 
	Body Moments of Inertia       (kgm2) = [48.3,48.3,30.18]
	Body Products of Inertia      (kgm2) = [0,0,0]

List of PTO(s): Number of PTOs = 1 

	***** PTO Name: PTO1 *****
	PTO Stiffness           (N/m;Nm/rad) = 0
	PTO Damping           (Ns/m;Nsm/rad) = 30

List of Constraint(s): Number of Constraints = 2 

	***** Constraint Name: Constraint1 *****

	***** Constraint Name: Constraint2 *****


Simulating the WEC device defined in the SimMechanics model C:\Users\cmmcguir\OneDrive - North Carolina State University\iSSRL\Research\variable-stiffness-WEC\wecSim_projects\ONR\p3_1m\plunger3_1m_TG.slx...   
Elapsed time is 0.032346 seconds.
Elapsed time is 16.429305 seconds.

Post-processing and saving...   
Elapsed time is 0.069898 seconds.
